  GLUTCallbacks.cpp
  OpenGL.cpp
C:\Users\Cal Norwood\Documents\GitHub\OpenGL\GraphicsProgramming\GraphicsProgramming\OpenGL.cpp(62,10): warning C4305: 'initializing': truncation from 'double' to 'float'
C:\Users\Cal Norwood\Documents\GitHub\OpenGL\GraphicsProgramming\GraphicsProgramming\OpenGL.cpp(242,24): warning C4244: '=': conversion from 'double' to 'float', possible loss of data
C:\Users\Cal Norwood\Documents\GitHub\OpenGL\GraphicsProgramming\GraphicsProgramming\OpenGL.cpp(255,14): warning C4244: '=': conversion from 'int' to 'float', possible loss of data
C:\Users\Cal Norwood\Documents\GitHub\OpenGL\GraphicsProgramming\GraphicsProgramming\OpenGL.cpp(340,14): warning C4244: '=': conversion from 'double' to 'float', possible loss of data
C:\Users\Cal Norwood\Documents\GitHub\OpenGL\GraphicsProgramming\GraphicsProgramming\OpenGL.cpp(344,14): warning C4244: '=': conversion from 'double' to 'float', possible loss of data
C:\Users\Cal Norwood\Documents\GitHub\OpenGL\GraphicsProgramming\GraphicsProgramming\OpenGL.cpp(359,40): warning C4244: 'argument': conversion from 'double' to 'float', possible loss of data
C:\Users\Cal Norwood\Documents\GitHub\OpenGL\GraphicsProgramming\GraphicsProgramming\OpenGL.cpp(360,40): warning C4244: 'argument': conversion from 'double' to 'float', possible loss of data
C:\Users\Cal Norwood\Documents\GitHub\OpenGL\GraphicsProgramming\GraphicsProgramming\OpenGL.cpp(386,26): warning C4244: 'initializing': conversion from 'double' to 'float', possible loss of data
C:\Users\Cal Norwood\Documents\GitHub\OpenGL\GraphicsProgramming\GraphicsProgramming\OpenGL.cpp(497,22): warning C4305: 'argument': truncation from 'double' to 'GLfloat'
C:\Users\Cal Norwood\Documents\GitHub\OpenGL\GraphicsProgramming\GraphicsProgramming\OpenGL.cpp(504,20): warning C4305: 'argument': truncation from 'double' to 'GLfloat'
C:\Users\Cal Norwood\Documents\GitHub\OpenGL\GraphicsProgramming\GraphicsProgramming\OpenGL.cpp(504,14): warning C4305: 'argument': truncation from 'double' to 'GLfloat'
C:\Users\Cal Norwood\Documents\GitHub\OpenGL\GraphicsProgramming\GraphicsProgramming\OpenGL.cpp(505,21): warning C4305: 'argument': truncation from 'double' to 'GLfloat'
C:\Users\Cal Norwood\Documents\GitHub\OpenGL\GraphicsProgramming\GraphicsProgramming\OpenGL.cpp(505,15): warning C4305: 'argument': truncation from 'double' to 'GLfloat'
C:\Users\Cal Norwood\Documents\GitHub\OpenGL\GraphicsProgramming\GraphicsProgramming\OpenGL.cpp(506,22): warning C4305: 'argument': truncation from 'double' to 'GLfloat'
C:\Users\Cal Norwood\Documents\GitHub\OpenGL\GraphicsProgramming\GraphicsProgramming\OpenGL.cpp(506,15): warning C4305: 'argument': truncation from 'double' to 'GLfloat'
C:\Users\Cal Norwood\Documents\GitHub\OpenGL\GraphicsProgramming\GraphicsProgramming\OpenGL.cpp(507,21): warning C4305: 'argument': truncation from 'double' to 'GLfloat'
C:\Users\Cal Norwood\Documents\GitHub\OpenGL\GraphicsProgramming\GraphicsProgramming\OpenGL.cpp(507,14): warning C4305: 'argument': truncation from 'double' to 'GLfloat'
C:\Users\Cal Norwood\Documents\GitHub\OpenGL\GraphicsProgramming\GraphicsProgramming\OpenGL.cpp(515,21): warning C4305: 'argument': truncation from 'double' to 'GLfloat'
C:\Users\Cal Norwood\Documents\GitHub\OpenGL\GraphicsProgramming\GraphicsProgramming\OpenGL.cpp(515,14): warning C4305: 'argument': truncation from 'double' to 'GLfloat'
C:\Users\Cal Norwood\Documents\GitHub\OpenGL\GraphicsProgramming\GraphicsProgramming\OpenGL.cpp(516,22): warning C4305: 'argument': truncation from 'double' to 'GLfloat'
C:\Users\Cal Norwood\Documents\GitHub\OpenGL\GraphicsProgramming\GraphicsProgramming\OpenGL.cpp(516,15): warning C4305: 'argument': truncation from 'double' to 'GLfloat'
C:\Users\Cal Norwood\Documents\GitHub\OpenGL\GraphicsProgramming\GraphicsProgramming\OpenGL.cpp(517,21): warning C4305: 'argument': truncation from 'double' to 'GLfloat'
C:\Users\Cal Norwood\Documents\GitHub\OpenGL\GraphicsProgramming\GraphicsProgramming\OpenGL.cpp(517,15): warning C4305: 'argument': truncation from 'double' to 'GLfloat'
C:\Users\Cal Norwood\Documents\GitHub\OpenGL\GraphicsProgramming\GraphicsProgramming\OpenGL.cpp(518,20): warning C4305: 'argument': truncation from 'double' to 'GLfloat'
C:\Users\Cal Norwood\Documents\GitHub\OpenGL\GraphicsProgramming\GraphicsProgramming\OpenGL.cpp(518,14): warning C4305: 'argument': truncation from 'double' to 'GLfloat'
C:\Users\Cal Norwood\Documents\GitHub\OpenGL\GraphicsProgramming\GraphicsProgramming\OpenGL.cpp(526,20): warning C4305: 'argument': truncation from 'double' to 'GLfloat'
C:\Users\Cal Norwood\Documents\GitHub\OpenGL\GraphicsProgramming\GraphicsProgramming\OpenGL.cpp(526,14): warning C4305: 'argument': truncation from 'double' to 'GLfloat'
C:\Users\Cal Norwood\Documents\GitHub\OpenGL\GraphicsProgramming\GraphicsProgramming\OpenGL.cpp(527,20): warning C4305: 'argument': truncation from 'double' to 'GLfloat'
C:\Users\Cal Norwood\Documents\GitHub\OpenGL\GraphicsProgramming\GraphicsProgramming\OpenGL.cpp(527,14): warning C4305: 'argument': truncation from 'double' to 'GLfloat'
C:\Users\Cal Norwood\Documents\GitHub\OpenGL\GraphicsProgramming\GraphicsProgramming\OpenGL.cpp(528,21): warning C4305: 'argument': truncation from 'double' to 'GLfloat'
C:\Users\Cal Norwood\Documents\GitHub\OpenGL\GraphicsProgramming\GraphicsProgramming\OpenGL.cpp(528,14): warning C4305: 'argument': truncation from 'double' to 'GLfloat'
C:\Users\Cal Norwood\Documents\GitHub\OpenGL\GraphicsProgramming\GraphicsProgramming\OpenGL.cpp(529,21): warning C4305: 'argument': truncation from 'double' to 'GLfloat'
C:\Users\Cal Norwood\Documents\GitHub\OpenGL\GraphicsProgramming\GraphicsProgramming\OpenGL.cpp(529,14): warning C4305: 'argument': truncation from 'double' to 'GLfloat'
C:\Users\Cal Norwood\Documents\GitHub\OpenGL\GraphicsProgramming\GraphicsProgramming\OpenGL.cpp(537,21): warning C4305: 'argument': truncation from 'double' to 'GLfloat'
C:\Users\Cal Norwood\Documents\GitHub\OpenGL\GraphicsProgramming\GraphicsProgramming\OpenGL.cpp(537,15): warning C4305: 'argument': truncation from 'double' to 'GLfloat'
C:\Users\Cal Norwood\Documents\GitHub\OpenGL\GraphicsProgramming\GraphicsProgramming\OpenGL.cpp(538,21): warning C4305: 'argument': truncation from 'double' to 'GLfloat'
C:\Users\Cal Norwood\Documents\GitHub\OpenGL\GraphicsProgramming\GraphicsProgramming\OpenGL.cpp(538,15): warning C4305: 'argument': truncation from 'double' to 'GLfloat'
C:\Users\Cal Norwood\Documents\GitHub\OpenGL\GraphicsProgramming\GraphicsProgramming\OpenGL.cpp(539,22): warning C4305: 'argument': truncation from 'double' to 'GLfloat'
C:\Users\Cal Norwood\Documents\GitHub\OpenGL\GraphicsProgramming\GraphicsProgramming\OpenGL.cpp(539,15): warning C4305: 'argument': truncation from 'double' to 'GLfloat'
C:\Users\Cal Norwood\Documents\GitHub\OpenGL\GraphicsProgramming\GraphicsProgramming\OpenGL.cpp(540,22): warning C4305: 'argument': truncation from 'double' to 'GLfloat'
C:\Users\Cal Norwood\Documents\GitHub\OpenGL\GraphicsProgramming\GraphicsProgramming\OpenGL.cpp(540,15): warning C4305: 'argument': truncation from 'double' to 'GLfloat'
C:\Users\Cal Norwood\Documents\GitHub\OpenGL\GraphicsProgramming\GraphicsProgramming\OpenGL.cpp(548,21): warning C4305: 'argument': truncation from 'double' to 'GLfloat'
C:\Users\Cal Norwood\Documents\GitHub\OpenGL\GraphicsProgramming\GraphicsProgramming\OpenGL.cpp(548,14): warning C4305: 'argument': truncation from 'double' to 'GLfloat'
C:\Users\Cal Norwood\Documents\GitHub\OpenGL\GraphicsProgramming\GraphicsProgramming\OpenGL.cpp(549,22): warning C4305: 'argument': truncation from 'double' to 'GLfloat'
C:\Users\Cal Norwood\Documents\GitHub\OpenGL\GraphicsProgramming\GraphicsProgramming\OpenGL.cpp(549,15): warning C4305: 'argument': truncation from 'double' to 'GLfloat'
C:\Users\Cal Norwood\Documents\GitHub\OpenGL\GraphicsProgramming\GraphicsProgramming\OpenGL.cpp(550,22): warning C4305: 'argument': truncation from 'double' to 'GLfloat'
C:\Users\Cal Norwood\Documents\GitHub\OpenGL\GraphicsProgramming\GraphicsProgramming\OpenGL.cpp(550,15): warning C4305: 'argument': truncation from 'double' to 'GLfloat'
C:\Users\Cal Norwood\Documents\GitHub\OpenGL\GraphicsProgramming\GraphicsProgramming\OpenGL.cpp(551,21): warning C4305: 'argument': truncation from 'double' to 'GLfloat'
C:\Users\Cal Norwood\Documents\GitHub\OpenGL\GraphicsProgramming\GraphicsProgramming\OpenGL.cpp(551,14): warning C4305: 'argument': truncation from 'double' to 'GLfloat'
C:\Users\Cal Norwood\Documents\GitHub\OpenGL\GraphicsProgramming\GraphicsProgramming\OpenGL.cpp(559,20): warning C4305: 'argument': truncation from 'double' to 'GLfloat'
C:\Users\Cal Norwood\Documents\GitHub\OpenGL\GraphicsProgramming\GraphicsProgramming\OpenGL.cpp(559,14): warning C4305: 'argument': truncation from 'double' to 'GLfloat'
C:\Users\Cal Norwood\Documents\GitHub\OpenGL\GraphicsProgramming\GraphicsProgramming\OpenGL.cpp(560,21): warning C4305: 'argument': truncation from 'double' to 'GLfloat'
C:\Users\Cal Norwood\Documents\GitHub\OpenGL\GraphicsProgramming\GraphicsProgramming\OpenGL.cpp(560,15): warning C4305: 'argument': truncation from 'double' to 'GLfloat'
C:\Users\Cal Norwood\Documents\GitHub\OpenGL\GraphicsProgramming\GraphicsProgramming\OpenGL.cpp(561,21): warning C4305: 'argument': truncation from 'double' to 'GLfloat'
C:\Users\Cal Norwood\Documents\GitHub\OpenGL\GraphicsProgramming\GraphicsProgramming\OpenGL.cpp(561,15): warning C4305: 'argument': truncation from 'double' to 'GLfloat'
C:\Users\Cal Norwood\Documents\GitHub\OpenGL\GraphicsProgramming\GraphicsProgramming\OpenGL.cpp(562,20): warning C4305: 'argument': truncation from 'double' to 'GLfloat'
C:\Users\Cal Norwood\Documents\GitHub\OpenGL\GraphicsProgramming\GraphicsProgramming\OpenGL.cpp(562,14): warning C4305: 'argument': truncation from 'double' to 'GLfloat'
C:\Users\Cal Norwood\Documents\GitHub\OpenGL\GraphicsProgramming\GraphicsProgramming\OpenGL.cpp(576,28): warning C4305: 'argument': truncation from 'double' to 'GLfloat'
C:\Users\Cal Norwood\Documents\GitHub\OpenGL\GraphicsProgramming\GraphicsProgramming\OpenGL.cpp(576,23): warning C4305: 'argument': truncation from 'double' to 'GLfloat'
C:\Users\Cal Norwood\Documents\GitHub\OpenGL\GraphicsProgramming\GraphicsProgramming\OpenGL.cpp(576,18): warning C4305: 'argument': truncation from 'double' to 'GLfloat'
C:\Users\Cal Norwood\Documents\GitHub\OpenGL\GraphicsProgramming\GraphicsProgramming\OpenGL.cpp(576,13): warning C4305: 'argument': truncation from 'double' to 'GLfloat'
C:\Users\Cal Norwood\Documents\GitHub\OpenGL\GraphicsProgramming\GraphicsProgramming\OpenGL.cpp(594,28): warning C4305: 'argument': truncation from 'double' to 'GLfloat'
C:\Users\Cal Norwood\Documents\GitHub\OpenGL\GraphicsProgramming\GraphicsProgramming\OpenGL.cpp(594,23): warning C4305: 'argument': truncation from 'double' to 'GLfloat'
C:\Users\Cal Norwood\Documents\GitHub\OpenGL\GraphicsProgramming\GraphicsProgramming\OpenGL.cpp(594,18): warning C4305: 'argument': truncation from 'double' to 'GLfloat'
C:\Users\Cal Norwood\Documents\GitHub\OpenGL\GraphicsProgramming\GraphicsProgramming\OpenGL.cpp(594,13): warning C4305: 'argument': truncation from 'double' to 'GLfloat'
C:\Users\Cal Norwood\Documents\GitHub\OpenGL\GraphicsProgramming\GraphicsProgramming\OpenGL.cpp(605,28): warning C4305: 'argument': truncation from 'double' to 'GLfloat'
C:\Users\Cal Norwood\Documents\GitHub\OpenGL\GraphicsProgramming\GraphicsProgramming\OpenGL.cpp(605,23): warning C4305: 'argument': truncation from 'double' to 'GLfloat'
C:\Users\Cal Norwood\Documents\GitHub\OpenGL\GraphicsProgramming\GraphicsProgramming\OpenGL.cpp(605,18): warning C4305: 'argument': truncation from 'double' to 'GLfloat'
C:\Users\Cal Norwood\Documents\GitHub\OpenGL\GraphicsProgramming\GraphicsProgramming\OpenGL.cpp(605,13): warning C4305: 'argument': truncation from 'double' to 'GLfloat'
C:\Users\Cal Norwood\Documents\GitHub\OpenGL\GraphicsProgramming\GraphicsProgramming\OpenGL.cpp(616,28): warning C4305: 'argument': truncation from 'double' to 'GLfloat'
C:\Users\Cal Norwood\Documents\GitHub\OpenGL\GraphicsProgramming\GraphicsProgramming\OpenGL.cpp(616,23): warning C4305: 'argument': truncation from 'double' to 'GLfloat'
C:\Users\Cal Norwood\Documents\GitHub\OpenGL\GraphicsProgramming\GraphicsProgramming\OpenGL.cpp(616,18): warning C4305: 'argument': truncation from 'double' to 'GLfloat'
C:\Users\Cal Norwood\Documents\GitHub\OpenGL\GraphicsProgramming\GraphicsProgramming\OpenGL.cpp(616,13): warning C4305: 'argument': truncation from 'double' to 'GLfloat'
C:\Users\Cal Norwood\Documents\GitHub\OpenGL\GraphicsProgramming\GraphicsProgramming\OpenGL.cpp(627,28): warning C4305: 'argument': truncation from 'double' to 'GLfloat'
C:\Users\Cal Norwood\Documents\GitHub\OpenGL\GraphicsProgramming\GraphicsProgramming\OpenGL.cpp(627,23): warning C4305: 'argument': truncation from 'double' to 'GLfloat'
C:\Users\Cal Norwood\Documents\GitHub\OpenGL\GraphicsProgramming\GraphicsProgramming\OpenGL.cpp(627,18): warning C4305: 'argument': truncation from 'double' to 'GLfloat'
C:\Users\Cal Norwood\Documents\GitHub\OpenGL\GraphicsProgramming\GraphicsProgramming\OpenGL.cpp(627,13): warning C4305: 'argument': truncation from 'double' to 'GLfloat'
C:\Users\Cal Norwood\Documents\GitHub\OpenGL\GraphicsProgramming\GraphicsProgramming\OpenGL.cpp(645,28): warning C4305: 'argument': truncation from 'double' to 'GLfloat'
C:\Users\Cal Norwood\Documents\GitHub\OpenGL\GraphicsProgramming\GraphicsProgramming\OpenGL.cpp(645,23): warning C4305: 'argument': truncation from 'double' to 'GLfloat'
C:\Users\Cal Norwood\Documents\GitHub\OpenGL\GraphicsProgramming\GraphicsProgramming\OpenGL.cpp(645,18): warning C4305: 'argument': truncation from 'double' to 'GLfloat'
C:\Users\Cal Norwood\Documents\GitHub\OpenGL\GraphicsProgramming\GraphicsProgramming\OpenGL.cpp(645,13): warning C4305: 'argument': truncation from 'double' to 'GLfloat'
C:\Users\Cal Norwood\Documents\GitHub\OpenGL\GraphicsProgramming\GraphicsProgramming\OpenGL.cpp(656,28): warning C4305: 'argument': truncation from 'double' to 'GLfloat'
C:\Users\Cal Norwood\Documents\GitHub\OpenGL\GraphicsProgramming\GraphicsProgramming\OpenGL.cpp(656,23): warning C4305: 'argument': truncation from 'double' to 'GLfloat'
C:\Users\Cal Norwood\Documents\GitHub\OpenGL\GraphicsProgramming\GraphicsProgramming\OpenGL.cpp(656,18): warning C4305: 'argument': truncation from 'double' to 'GLfloat'
C:\Users\Cal Norwood\Documents\GitHub\OpenGL\GraphicsProgramming\GraphicsProgramming\OpenGL.cpp(656,13): warning C4305: 'argument': truncation from 'double' to 'GLfloat'
C:\Users\Cal Norwood\Documents\GitHub\OpenGL\GraphicsProgramming\GraphicsProgramming\OpenGL.cpp(667,28): warning C4305: 'argument': truncation from 'double' to 'GLfloat'
C:\Users\Cal Norwood\Documents\GitHub\OpenGL\GraphicsProgramming\GraphicsProgramming\OpenGL.cpp(667,23): warning C4305: 'argument': truncation from 'double' to 'GLfloat'
C:\Users\Cal Norwood\Documents\GitHub\OpenGL\GraphicsProgramming\GraphicsProgramming\OpenGL.cpp(667,18): warning C4305: 'argument': truncation from 'double' to 'GLfloat'
C:\Users\Cal Norwood\Documents\GitHub\OpenGL\GraphicsProgramming\GraphicsProgramming\OpenGL.cpp(667,13): warning C4305: 'argument': truncation from 'double' to 'GLfloat'
C:\Users\Cal Norwood\Documents\GitHub\OpenGL\GraphicsProgramming\GraphicsProgramming\OpenGL.cpp(678,28): warning C4305: 'argument': truncation from 'double' to 'GLfloat'
C:\Users\Cal Norwood\Documents\GitHub\OpenGL\GraphicsProgramming\GraphicsProgramming\OpenGL.cpp(678,23): warning C4305: 'argument': truncation from 'double' to 'GLfloat'
C:\Users\Cal Norwood\Documents\GitHub\OpenGL\GraphicsProgramming\GraphicsProgramming\OpenGL.cpp(678,18): warning C4305: 'argument': truncation from 'double' to 'GLfloat'
C:\Users\Cal Norwood\Documents\GitHub\OpenGL\GraphicsProgramming\GraphicsProgramming\OpenGL.cpp(678,13): warning C4305: 'argument': truncation from 'double' to 'GLfloat'
C:\Users\Cal Norwood\Documents\GitHub\OpenGL\GraphicsProgramming\GraphicsProgramming\OpenGL.cpp(696,28): warning C4305: 'argument': truncation from 'double' to 'GLfloat'
C:\Users\Cal Norwood\Documents\GitHub\OpenGL\GraphicsProgramming\GraphicsProgramming\OpenGL.cpp(696,23): warning C4305: 'argument': truncation from 'double' to 'GLfloat'
C:\Users\Cal Norwood\Documents\GitHub\OpenGL\GraphicsProgramming\GraphicsProgramming\OpenGL.cpp(696,18): warning C4305: 'argument': truncation from 'double' to 'GLfloat'
C:\Users\Cal Norwood\Documents\GitHub\OpenGL\GraphicsProgramming\GraphicsProgramming\OpenGL.cpp(696,13): warning C4305: 'argument': truncation from 'double' to 'GLfloat'
C:\Users\Cal Norwood\Documents\GitHub\OpenGL\GraphicsProgramming\GraphicsProgramming\OpenGL.cpp(714,28): warning C4305: 'argument': truncation from 'double' to 'GLfloat'
C:\Users\Cal Norwood\Documents\GitHub\OpenGL\GraphicsProgramming\GraphicsProgramming\OpenGL.cpp(714,23): warning C4305: 'argument': truncation from 'double' to 'GLfloat'
C:\Users\Cal Norwood\Documents\GitHub\OpenGL\GraphicsProgramming\GraphicsProgramming\OpenGL.cpp(714,18): warning C4305: 'argument': truncation from 'double' to 'GLfloat'
C:\Users\Cal Norwood\Documents\GitHub\OpenGL\GraphicsProgramming\GraphicsProgramming\OpenGL.cpp(714,13): warning C4305: 'argument': truncation from 'double' to 'GLfloat'
C:\Users\Cal Norwood\Documents\GitHub\OpenGL\GraphicsProgramming\GraphicsProgramming\OpenGL.cpp(725,28): warning C4305: 'argument': truncation from 'double' to 'GLfloat'
C:\Users\Cal Norwood\Documents\GitHub\OpenGL\GraphicsProgramming\GraphicsProgramming\OpenGL.cpp(725,23): warning C4305: 'argument': truncation from 'double' to 'GLfloat'
C:\Users\Cal Norwood\Documents\GitHub\OpenGL\GraphicsProgramming\GraphicsProgramming\OpenGL.cpp(725,18): warning C4305: 'argument': truncation from 'double' to 'GLfloat'
C:\Users\Cal Norwood\Documents\GitHub\OpenGL\GraphicsProgramming\GraphicsProgramming\OpenGL.cpp(725,13): warning C4305: 'argument': truncation from 'double' to 'GLfloat'
  Generating Code...
OpenGL.obj : error LNK2019: unresolved external symbol __imp_glutInitWindowSize referenced in function "public: __cdecl OpenGL::OpenGL(int,char * * const)" (??0OpenGL@@QEAA@HQEAPEAD@Z)
OpenGL.obj : error LNK2019: unresolved external symbol __imp_glutInitDisplayMode referenced in function "public: __cdecl OpenGL::OpenGL(int,char * * const)" (??0OpenGL@@QEAA@HQEAPEAD@Z)
OpenGL.obj : error LNK2019: unresolved external symbol __imp_glutMainLoop referenced in function "public: __cdecl OpenGL::OpenGL(int,char * * const)" (??0OpenGL@@QEAA@HQEAPEAD@Z)
OpenGL.obj : error LNK2019: unresolved external symbol __imp_glutPostRedisplay referenced in function "void __cdecl Update(int)" (?Update@@YAXH@Z)
OpenGL.obj : error LNK2019: unresolved external symbol __imp_glutTimerFunc referenced in function "void __cdecl Update(int)" (?Update@@YAXH@Z)
OpenGL.obj : error LNK2019: unresolved external symbol __imp_glutKeyboardFunc referenced in function "public: __cdecl OpenGL::OpenGL(int,char * * const)" (??0OpenGL@@QEAA@HQEAPEAD@Z)
OpenGL.obj : error LNK2019: unresolved external symbol __imp_glutDisplayFunc referenced in function "public: __cdecl OpenGL::OpenGL(int,char * * const)" (??0OpenGL@@QEAA@HQEAPEAD@Z)
OpenGL.obj : error LNK2019: unresolved external symbol __imp_glutPassiveMotionFunc referenced in function "public: __cdecl OpenGL::OpenGL(int,char * * const)" (??0OpenGL@@QEAA@HQEAPEAD@Z)
OpenGL.obj : error LNK2019: unresolved external symbol __imp_glutKeyboardUpFunc referenced in function "public: __cdecl OpenGL::OpenGL(int,char * * const)" (??0OpenGL@@QEAA@HQEAPEAD@Z)
OpenGL.obj : error LNK2019: unresolved external symbol __imp_glutIgnoreKeyRepeat referenced in function "public: __cdecl OpenGL::OpenGL(int,char * * const)" (??0OpenGL@@QEAA@HQEAPEAD@Z)
OpenGL.obj : error LNK2019: unresolved external symbol __imp___glutInitWithExit referenced in function glutInit_ATEXIT_HACK
OpenGL.obj : error LNK2019: unresolved external symbol __imp___glutCreateWindowWithExit referenced in function glutCreateWindow_ATEXIT_HACK
OpenGL.obj : error LNK2019: unresolved external symbol "public: bool __cdecl Texture2D::Load(char const *,int,int)" (?Load@Texture2D@@QEAA_NPEBDHH@Z) referenced in function "class Texture2D * __cdecl LoadTextureAndBind(char const *)" (?LoadTextureAndBind@@YAPEAVTexture2D@@PEBD@Z)
freeglut.lib : warning LNK4272: library machine type 'x86' conflicts with target machine type 'x64'
C:\Users\Cal Norwood\Documents\GitHub\OpenGL\GraphicsProgramming\x64\Debug\GraphicsProgramming.exe : fatal error LNK1120: 13 unresolved externals
