  OpenGL.cpp
C:\Users\n017380n.STUDENT\Documents\GitHub\OpenGL\GraphicsProgramming\GraphicsProgramming\OpenGL.cpp(32,19): warning C4305: 'initializing': truncation from 'double' to 'float'
C:\Users\n017380n.STUDENT\Documents\GitHub\OpenGL\GraphicsProgramming\GraphicsProgramming\OpenGL.cpp(43,10): warning C4305: 'initializing': truncation from 'double' to 'float'
C:\Users\n017380n.STUDENT\Documents\GitHub\OpenGL\GraphicsProgramming\GraphicsProgramming\OpenGL.cpp(121,24): warning C4244: '=': conversion from 'double' to 'float', possible loss of data
C:\Users\n017380n.STUDENT\Documents\GitHub\OpenGL\GraphicsProgramming\GraphicsProgramming\OpenGL.cpp(134,14): warning C4244: '=': conversion from 'int' to 'float', possible loss of data
C:\Users\n017380n.STUDENT\Documents\GitHub\OpenGL\GraphicsProgramming\GraphicsProgramming\OpenGL.cpp(206,14): warning C4244: '=': conversion from 'double' to 'float', possible loss of data
C:\Users\n017380n.STUDENT\Documents\GitHub\OpenGL\GraphicsProgramming\GraphicsProgramming\OpenGL.cpp(210,14): warning C4244: '=': conversion from 'double' to 'float', possible loss of data
C:\Users\n017380n.STUDENT\Documents\GitHub\OpenGL\GraphicsProgramming\GraphicsProgramming\OpenGL.cpp(224,40): warning C4244: 'argument': conversion from 'double' to 'float', possible loss of data
C:\Users\n017380n.STUDENT\Documents\GitHub\OpenGL\GraphicsProgramming\GraphicsProgramming\OpenGL.cpp(225,40): warning C4244: 'argument': conversion from 'double' to 'float', possible loss of data
C:\Users\n017380n.STUDENT\Documents\GitHub\OpenGL\GraphicsProgramming\GraphicsProgramming\OpenGL.cpp(251,22): warning C4305: 'argument': truncation from 'double' to 'GLfloat'
C:\Users\n017380n.STUDENT\Documents\GitHub\OpenGL\GraphicsProgramming\GraphicsProgramming\OpenGL.cpp(258,20): warning C4305: 'argument': truncation from 'double' to 'GLfloat'
C:\Users\n017380n.STUDENT\Documents\GitHub\OpenGL\GraphicsProgramming\GraphicsProgramming\OpenGL.cpp(258,14): warning C4305: 'argument': truncation from 'double' to 'GLfloat'
C:\Users\n017380n.STUDENT\Documents\GitHub\OpenGL\GraphicsProgramming\GraphicsProgramming\OpenGL.cpp(259,21): warning C4305: 'argument': truncation from 'double' to 'GLfloat'
C:\Users\n017380n.STUDENT\Documents\GitHub\OpenGL\GraphicsProgramming\GraphicsProgramming\OpenGL.cpp(259,15): warning C4305: 'argument': truncation from 'double' to 'GLfloat'
C:\Users\n017380n.STUDENT\Documents\GitHub\OpenGL\GraphicsProgramming\GraphicsProgramming\OpenGL.cpp(260,22): warning C4305: 'argument': truncation from 'double' to 'GLfloat'
C:\Users\n017380n.STUDENT\Documents\GitHub\OpenGL\GraphicsProgramming\GraphicsProgramming\OpenGL.cpp(260,15): warning C4305: 'argument': truncation from 'double' to 'GLfloat'
C:\Users\n017380n.STUDENT\Documents\GitHub\OpenGL\GraphicsProgramming\GraphicsProgramming\OpenGL.cpp(261,21): warning C4305: 'argument': truncation from 'double' to 'GLfloat'
C:\Users\n017380n.STUDENT\Documents\GitHub\OpenGL\GraphicsProgramming\GraphicsProgramming\OpenGL.cpp(261,14): warning C4305: 'argument': truncation from 'double' to 'GLfloat'
C:\Users\n017380n.STUDENT\Documents\GitHub\OpenGL\GraphicsProgramming\GraphicsProgramming\OpenGL.cpp(269,21): warning C4305: 'argument': truncation from 'double' to 'GLfloat'
C:\Users\n017380n.STUDENT\Documents\GitHub\OpenGL\GraphicsProgramming\GraphicsProgramming\OpenGL.cpp(269,14): warning C4305: 'argument': truncation from 'double' to 'GLfloat'
C:\Users\n017380n.STUDENT\Documents\GitHub\OpenGL\GraphicsProgramming\GraphicsProgramming\OpenGL.cpp(270,22): warning C4305: 'argument': truncation from 'double' to 'GLfloat'
C:\Users\n017380n.STUDENT\Documents\GitHub\OpenGL\GraphicsProgramming\GraphicsProgramming\OpenGL.cpp(270,15): warning C4305: 'argument': truncation from 'double' to 'GLfloat'
C:\Users\n017380n.STUDENT\Documents\GitHub\OpenGL\GraphicsProgramming\GraphicsProgramming\OpenGL.cpp(271,21): warning C4305: 'argument': truncation from 'double' to 'GLfloat'
C:\Users\n017380n.STUDENT\Documents\GitHub\OpenGL\GraphicsProgramming\GraphicsProgramming\OpenGL.cpp(271,15): warning C4305: 'argument': truncation from 'double' to 'GLfloat'
C:\Users\n017380n.STUDENT\Documents\GitHub\OpenGL\GraphicsProgramming\GraphicsProgramming\OpenGL.cpp(272,20): warning C4305: 'argument': truncation from 'double' to 'GLfloat'
C:\Users\n017380n.STUDENT\Documents\GitHub\OpenGL\GraphicsProgramming\GraphicsProgramming\OpenGL.cpp(272,14): warning C4305: 'argument': truncation from 'double' to 'GLfloat'
C:\Users\n017380n.STUDENT\Documents\GitHub\OpenGL\GraphicsProgramming\GraphicsProgramming\OpenGL.cpp(280,20): warning C4305: 'argument': truncation from 'double' to 'GLfloat'
C:\Users\n017380n.STUDENT\Documents\GitHub\OpenGL\GraphicsProgramming\GraphicsProgramming\OpenGL.cpp(280,14): warning C4305: 'argument': truncation from 'double' to 'GLfloat'
C:\Users\n017380n.STUDENT\Documents\GitHub\OpenGL\GraphicsProgramming\GraphicsProgramming\OpenGL.cpp(281,20): warning C4305: 'argument': truncation from 'double' to 'GLfloat'
C:\Users\n017380n.STUDENT\Documents\GitHub\OpenGL\GraphicsProgramming\GraphicsProgramming\OpenGL.cpp(281,14): warning C4305: 'argument': truncation from 'double' to 'GLfloat'
C:\Users\n017380n.STUDENT\Documents\GitHub\OpenGL\GraphicsProgramming\GraphicsProgramming\OpenGL.cpp(282,21): warning C4305: 'argument': truncation from 'double' to 'GLfloat'
C:\Users\n017380n.STUDENT\Documents\GitHub\OpenGL\GraphicsProgramming\GraphicsProgramming\OpenGL.cpp(282,14): warning C4305: 'argument': truncation from 'double' to 'GLfloat'
C:\Users\n017380n.STUDENT\Documents\GitHub\OpenGL\GraphicsProgramming\GraphicsProgramming\OpenGL.cpp(283,21): warning C4305: 'argument': truncation from 'double' to 'GLfloat'
C:\Users\n017380n.STUDENT\Documents\GitHub\OpenGL\GraphicsProgramming\GraphicsProgramming\OpenGL.cpp(283,14): warning C4305: 'argument': truncation from 'double' to 'GLfloat'
C:\Users\n017380n.STUDENT\Documents\GitHub\OpenGL\GraphicsProgramming\GraphicsProgramming\OpenGL.cpp(291,21): warning C4305: 'argument': truncation from 'double' to 'GLfloat'
C:\Users\n017380n.STUDENT\Documents\GitHub\OpenGL\GraphicsProgramming\GraphicsProgramming\OpenGL.cpp(291,15): warning C4305: 'argument': truncation from 'double' to 'GLfloat'
C:\Users\n017380n.STUDENT\Documents\GitHub\OpenGL\GraphicsProgramming\GraphicsProgramming\OpenGL.cpp(292,21): warning C4305: 'argument': truncation from 'double' to 'GLfloat'
C:\Users\n017380n.STUDENT\Documents\GitHub\OpenGL\GraphicsProgramming\GraphicsProgramming\OpenGL.cpp(292,15): warning C4305: 'argument': truncation from 'double' to 'GLfloat'
C:\Users\n017380n.STUDENT\Documents\GitHub\OpenGL\GraphicsProgramming\GraphicsProgramming\OpenGL.cpp(293,22): warning C4305: 'argument': truncation from 'double' to 'GLfloat'
C:\Users\n017380n.STUDENT\Documents\GitHub\OpenGL\GraphicsProgramming\GraphicsProgramming\OpenGL.cpp(293,15): warning C4305: 'argument': truncation from 'double' to 'GLfloat'
C:\Users\n017380n.STUDENT\Documents\GitHub\OpenGL\GraphicsProgramming\GraphicsProgramming\OpenGL.cpp(294,22): warning C4305: 'argument': truncation from 'double' to 'GLfloat'
C:\Users\n017380n.STUDENT\Documents\GitHub\OpenGL\GraphicsProgramming\GraphicsProgramming\OpenGL.cpp(294,15): warning C4305: 'argument': truncation from 'double' to 'GLfloat'
C:\Users\n017380n.STUDENT\Documents\GitHub\OpenGL\GraphicsProgramming\GraphicsProgramming\OpenGL.cpp(302,21): warning C4305: 'argument': truncation from 'double' to 'GLfloat'
C:\Users\n017380n.STUDENT\Documents\GitHub\OpenGL\GraphicsProgramming\GraphicsProgramming\OpenGL.cpp(302,14): warning C4305: 'argument': truncation from 'double' to 'GLfloat'
C:\Users\n017380n.STUDENT\Documents\GitHub\OpenGL\GraphicsProgramming\GraphicsProgramming\OpenGL.cpp(303,22): warning C4305: 'argument': truncation from 'double' to 'GLfloat'
C:\Users\n017380n.STUDENT\Documents\GitHub\OpenGL\GraphicsProgramming\GraphicsProgramming\OpenGL.cpp(303,15): warning C4305: 'argument': truncation from 'double' to 'GLfloat'
C:\Users\n017380n.STUDENT\Documents\GitHub\OpenGL\GraphicsProgramming\GraphicsProgramming\OpenGL.cpp(304,22): warning C4305: 'argument': truncation from 'double' to 'GLfloat'
C:\Users\n017380n.STUDENT\Documents\GitHub\OpenGL\GraphicsProgramming\GraphicsProgramming\OpenGL.cpp(304,15): warning C4305: 'argument': truncation from 'double' to 'GLfloat'
C:\Users\n017380n.STUDENT\Documents\GitHub\OpenGL\GraphicsProgramming\GraphicsProgramming\OpenGL.cpp(305,21): warning C4305: 'argument': truncation from 'double' to 'GLfloat'
C:\Users\n017380n.STUDENT\Documents\GitHub\OpenGL\GraphicsProgramming\GraphicsProgramming\OpenGL.cpp(305,14): warning C4305: 'argument': truncation from 'double' to 'GLfloat'
C:\Users\n017380n.STUDENT\Documents\GitHub\OpenGL\GraphicsProgramming\GraphicsProgramming\OpenGL.cpp(313,20): warning C4305: 'argument': truncation from 'double' to 'GLfloat'
C:\Users\n017380n.STUDENT\Documents\GitHub\OpenGL\GraphicsProgramming\GraphicsProgramming\OpenGL.cpp(313,14): warning C4305: 'argument': truncation from 'double' to 'GLfloat'
C:\Users\n017380n.STUDENT\Documents\GitHub\OpenGL\GraphicsProgramming\GraphicsProgramming\OpenGL.cpp(314,21): warning C4305: 'argument': truncation from 'double' to 'GLfloat'
C:\Users\n017380n.STUDENT\Documents\GitHub\OpenGL\GraphicsProgramming\GraphicsProgramming\OpenGL.cpp(314,15): warning C4305: 'argument': truncation from 'double' to 'GLfloat'
C:\Users\n017380n.STUDENT\Documents\GitHub\OpenGL\GraphicsProgramming\GraphicsProgramming\OpenGL.cpp(315,21): warning C4305: 'argument': truncation from 'double' to 'GLfloat'
C:\Users\n017380n.STUDENT\Documents\GitHub\OpenGL\GraphicsProgramming\GraphicsProgramming\OpenGL.cpp(315,15): warning C4305: 'argument': truncation from 'double' to 'GLfloat'
C:\Users\n017380n.STUDENT\Documents\GitHub\OpenGL\GraphicsProgramming\GraphicsProgramming\OpenGL.cpp(316,20): warning C4305: 'argument': truncation from 'double' to 'GLfloat'
C:\Users\n017380n.STUDENT\Documents\GitHub\OpenGL\GraphicsProgramming\GraphicsProgramming\OpenGL.cpp(316,14): warning C4305: 'argument': truncation from 'double' to 'GLfloat'
C:\Users\n017380n.STUDENT\Documents\GitHub\OpenGL\GraphicsProgramming\GraphicsProgramming\OpenGL.cpp(348,13): warning C4305: 'argument': truncation from 'double' to 'GLfloat'
C:\Users\n017380n.STUDENT\Documents\GitHub\OpenGL\GraphicsProgramming\GraphicsProgramming\OpenGL.cpp(366,13): warning C4305: 'argument': truncation from 'double' to 'GLfloat'
C:\Users\n017380n.STUDENT\Documents\GitHub\OpenGL\GraphicsProgramming\GraphicsProgramming\OpenGL.cpp(384,13): warning C4305: 'argument': truncation from 'double' to 'GLfloat'
  GraphicsProgramming.vcxproj -> C:\Users\n017380n.STUDENT\Documents\GitHub\OpenGL\GraphicsProgramming\Debug\GraphicsProgramming.exe
